12/24/2025, 12:33:10 AM GMT+1 0: 

----------------------------------------------
12/24/2025, 12:33:10 AM GMT+1 1: Discord starting: {"releaseChannel":"stable","version":"0.0.119"}, modulepath: /home/est/.config/discord/0.0.119/modules
12/24/2025, 12:33:10 AM GMT+1 2: ✅ webContents.created web1 ""
12/24/2025, 12:33:10 AM GMT+1 3: ✅ window.created win1 "discord"
12/24/2025, 12:33:11 AM GMT+1 4: ✅ webContents.did-finish-load web1
12/24/2025, 12:33:14 AM GMT+1 5: ✅ webContents.created web2 ""
12/24/2025, 12:33:14 AM GMT+1 6: ✅ window.created win2 "Discord"
12/24/2025, 12:33:15 AM GMT+1 7: ✅ webContents.did-finish-load web2
12/24/2025, 12:33:15 AM GMT+1 8: window.close win1
12/24/2025, 12:33:15 AM GMT+1 9: webContents.destroyed web1
12/24/2025, 12:33:15 AM GMT+1 10: window.closed win1
12/24/2025, 12:33:44 AM GMT+1 11: window.close win2
12/24/2025, 12:51:15 AM GMT+1 12: before-quit
12/24/2025, 11:32:00 AM GMT+1 0: 

----------------------------------------------
12/24/2025, 11:32:00 AM GMT+1 1: Discord starting: {"releaseChannel":"stable","version":"0.0.119"}, modulepath: /home/est/.config/discord/0.0.119/modules
12/24/2025, 11:32:00 AM GMT+1 2: ✅ webContents.created web1 ""
12/24/2025, 11:32:00 AM GMT+1 3: ✅ window.created win1 "discord"
12/24/2025, 11:32:00 AM GMT+1 4: ✅ webContents.did-finish-load web1
12/24/2025, 11:32:01 AM GMT+1 5: ✅ webContents.created web2 ""
12/24/2025, 11:32:01 AM GMT+1 6: ✅ window.created win2 "Discord"
12/24/2025, 11:32:02 AM GMT+1 7: ✅ webContents.did-finish-load web2
12/24/2025, 11:32:02 AM GMT+1 8: window.close win1
12/24/2025, 11:32:02 AM GMT+1 9: webContents.destroyed web1
12/24/2025, 11:32:02 AM GMT+1 10: window.closed win1
12/24/2025, 11:41:43 AM GMT+1 11: window.close win2
12/24/2025, 2:07:32 PM GMT+1 12: before-quit
