[2025-Dec-24 00:33:16.842 +01:00][23930:23930][info ] Logging initialized
[2025-Dec-24 00:33:16.842 +01:00][23930:23930][info ] Initializing krisp SDK...
[2025-Dec-24 00:33:16.842 +01:00][23930:23930][info ] DoKrispInitialize
[2025-Dec-24 00:33:17.125 +01:00][23930:23930][info ] LoadDynamicKrisp
[2025-Dec-24 00:33:17.125 +01:00][23930:23930][info ] Did not find KRISP_DYLIB_PATH, skipping dynamic loading
[2025-Dec-24 00:33:17.125 +01:00][23930:23930][info ] Initializing Krisp SDK in PID 23930, addr 0x7ff99f05cf90
[2025-Dec-24 00:33:17.125 +01:00][23930:23930][info ] Initialized Krisp SDK successfully
[2025-Dec-24 00:33:17.125 +01:00][23930:23930][info ] Krisp SDK initialized
[2025-Dec-24 11:32:02.827 +01:00][ 3686: 3686][info ] Logging initialized
[2025-Dec-24 11:32:02.827 +01:00][ 3686: 3686][info ] Initializing krisp SDK...
[2025-Dec-24 11:32:02.827 +01:00][ 3686: 3686][info ] DoKrispInitialize
[2025-Dec-24 11:32:03.116 +01:00][ 3686: 3686][info ] LoadDynamicKrisp
[2025-Dec-24 11:32:03.116 +01:00][ 3686: 3686][info ] Did not find KRISP_DYLIB_PATH, skipping dynamic loading
[2025-Dec-24 11:32:03.116 +01:00][ 3686: 3686][info ] Initializing Krisp SDK in PID 3686, addr 0x7f2437c3cf90
[2025-Dec-24 11:32:03.116 +01:00][ 3686: 3686][info ] Initialized Krisp SDK successfully
[2025-Dec-24 11:32:03.116 +01:00][ 3686: 3686][info ] Krisp SDK initialized
[2025-Dec-24 11:32:40.261 +01:00][ 3686: 3730][info ] KrispNCSetup: sampleRate = 48000, duration = 10
[2025-Dec-24 11:32:40.261 +01:00][ 3686: 3730][info ] Setting Krisp model: full_NC
[2025-Dec-24 11:32:40.291 +01:00][ 3686: 3730][info ] KrispVADSetup: sampleRate = 48000, duration = 10
[2025-Dec-24 11:42:04.895 +01:00][ 3686: 3720][info ] KrispVADReset
