00:00:00.137880 VirtualBox GUI VM Selector Window 7.2.4 r170995 linux.amd64 (Oct 22 2025 16:59:14) release log
00:00:00.137881 Log opened 2025-12-29T12:45:35.359133000Z
00:00:00.137881 Build Type: release
00:00:00.137882 OS Product: Linux
00:00:00.137883 OS Release: 6.18.2-arch2-1
00:00:00.137883 OS Version: #1 SMP PREEMPT_DYNAMIC Thu, 18 Dec 2025 18:00:18 +0000
00:00:00.137902 DMI Product Name: System Product Name
00:00:00.137906 DMI Product Version: System Version
00:00:00.137909 Firmware type: UEFI
00:00:00.138060 Secure Boot: Disabled
00:00:00.138079 Host RAM: 15821MB (15.4GB) total, 7183MB (7.0GB) available
00:00:00.138080 Executable: /usr/lib/virtualbox/VirtualBox
00:00:00.138080 Process ID: 34388
00:00:00.138080 Package type: LINUX_64BITS_GENERIC (OSE)
00:00:00.138093 Qt version: 6.10.1
00:00:00.138316 GUI: UIMediumEnumerator: Initial medium-enumeration finished!
00:00:00.140017 GUI: UIMediumEnumerator: Medium-enumeration started...
00:00:00.140027 GUI: UIMediumEnumerator: Medium-enumeration finished!
00:00:00.472688 GUI: UIDesktopWidgetWatchdog::sltHandleHostScreenAvailableGeometryCalculated: Screen 0 work area is actually resized to: 2879x539 x 800x800
00:00:04.910923 GUI: UIInvisibleWindow::sltFallback: Move event missing. Screen: 1, work area: 2879x539 x 800x800
00:00:04.910942 GUI: UIDesktopWidgetWatchdog::sltHandleHostScreenAvailableGeometryCalculated: Screen 1 work area is actually resized to: 2879x539 x 800x800
00:03:00.744981 GUI: UIMediumEnumerator: Medium with key={{0e5d51ba-1572-4171-b5e9-20d5806d175a}} created
00:03:00.779400 GUI: UIMediumEnumerator: Medium-enumeration finished!
00:04:32.710239 GUI: UIMediumEnumerator: Medium-enumeration finished!
00:04:34.213683 ERROR [COM]: aRC=NS_ERROR_UNEXPECTED (0x8000ffff) aIID={c0447716-ff5a-4795-b57a-ecd5fffa18a4} aComponent={SessionWrap} aText={The session is not locked (session state: Unlocked)}, preserve=false aResultDetail=0
00:04:47.304763 GUI: UICommon: Handling aboutToQuit request..
00:04:47.816154 GUI: UICommon: aboutToQuit request handled!
