00:00:00.000107 main     VirtualBox XPCOM Server 7.2.4 r170995 linux.amd64 (Oct 22 2025 16:59:14) release log
00:00:00.000109 main     Log opened 2025-12-29T12:45:35.284920000Z
00:00:00.000109 main     Build Type: release
00:00:00.000110 main     OS Product: Linux
00:00:00.000110 main     OS Release: 6.18.2-arch2-1
00:00:00.000111 main     OS Version: #1 SMP PREEMPT_DYNAMIC Thu, 18 Dec 2025 18:00:18 +0000
00:00:00.000125 main     DMI Product Name: System Product Name
00:00:00.000128 main     DMI Product Version: System Version
00:00:00.000131 main     Firmware type: UEFI
00:00:00.000352 main     Secure Boot: Disabled
00:00:00.000369 main     Host RAM: 15821MB (15.4GB) total, 7189MB (7.0GB) available
00:00:00.000371 main     Executable: /usr/lib/virtualbox/VBoxSVC
00:00:00.000371 main     Process ID: 34405
00:00:00.000371 main     Package type: LINUX_64BITS_GENERIC (OSE)
00:00:00.003778 main     IPC socket path: /tmp/.vbox-est-ipc/ipcd
00:00:00.004764 DCon01   VirtualBox: object creation starts
00:00:00.004811 DCon01   Home directory: '/home/est/.config/VirtualBox'
00:00:00.012410 DCon01   HostDnsMonitor: initializing
00:00:00.012492 DCon01   NAT: resolv.conf: nameserver 192.168.0.1
00:00:00.012500 DCon01   HostDnsMonitor: updating information
00:00:00.012505 DCon01   HostDnsMonitor: old information
00:00:00.012506 DCon01     no server entries
00:00:00.012507 DCon01     no domain set
00:00:00.012509 DCon01     no search string entries
00:00:00.012510 DCon01   HostDnsMonitor: new information
00:00:00.012511 DCon01     server 1: 192.168.0.1
00:00:00.012512 DCon01     domain: telekom.ip
00:00:00.012514 DCon01     search string 1: telekom.ip
00:00:00.013194 DCon01   Failed to open "/dev/vboxdrvu", errno=2, rc=VERR_VM_DRIVER_NOT_INSTALLED
00:00:00.013256 DCon01   VD: VDInit finished with VINF_SUCCESS
00:00:00.013305 DCon01   ERROR [COM]: aRC=NS_ERROR_FAILURE (0x80004005) aIID={925084b0-625f-422f-a67d-0ede1880a56c} aComponent={SystemPropertiesWrap} aText={Cannot determine default Guest Additions ISO location. Most likely they are not available}, preserve=false aResultDetail=0
00:00:00.013719 DCon01   VirtualBox: object created
00:00:00.415516 DCon03   WARNING [COM]: aRC=NS_ERROR_FAILURE (0x80004005) aIID={d5dcece0-b202-4416-a138-03502784cc07} aComponent={HostWrap} aText={Could not load the Host USB Proxy service: VERR_NOT_FOUND}, preserve=false aResultDetail=0
00:00:00.743040 DCon03   Saving settings file "/home/est/.config/VirtualBox/VirtualBox.xml" with version "1.12-linux"
00:00:00.744546 DCon03   Finished saving settings file "/home/est/.config/VirtualBox/VirtualBox.xml"
00:00:02.973527 DCon03   ERROR [COM]: aRC=NS_ERROR_FAILURE (0x80004005) aIID={925084b0-625f-422f-a67d-0ede1880a56c} aComponent={SystemPropertiesWrap} aText={Cannot determine default Guest Additions ISO location. Most likely they are not available}, preserve=false aResultDetail=0
00:00:03.347580 DCon03   Saving settings file "/home/est/.config/VirtualBox/VirtualBox.xml" with version "1.12-linux"
00:00:03.349106 DCon03   Finished saving settings file "/home/est/.config/VirtualBox/VirtualBox.xml"
00:00:16.042327 DCon01   Unattended: RTVfsQueryPathInfo(, '\OS2IMAGE/DISK_0/OS2LDR' (from OS2SE20.SRC),) -> VERR_PATH_NOT_FOUND, fMode=0x0
00:00:16.044689 DCon01   Saving settings file "/home/est/.config/VirtualBox/VirtualBox.xml" with version "1.12-linux"
00:00:16.045923 DCon01   Finished saving settings file "/home/est/.config/VirtualBox/VirtualBox.xml"
00:00:16.046639 DCon01   Saving settings file "/home/est/.config/VirtualBox/VirtualBox.xml" with version "1.12-linux"
00:00:16.047791 DCon01   Finished saving settings file "/home/est/.config/VirtualBox/VirtualBox.xml"
00:03:00.677633 createBase Saving settings file "/home/est/.config/VirtualBox/VirtualBox.xml" with version "1.12-linux"
00:03:00.679139 createBase Finished saving settings file "/home/est/.config/VirtualBox/VirtualBox.xml"
00:03:00.681568 DCon09   Platform architecture set to 'x86'
00:03:00.681647 DCon09   Platform architecture set to 'x86'
00:03:00.681652 DCon09   Platform architecture set to 'x86'
00:03:00.681822 DCon09   WARNING [COM]: aRC=NS_ERROR_FAILURE (0x80004005) aIID={d5dcece0-b202-4416-a138-03502784cc07} aComponent={HostWrap} aText={Could not load the Host USB Proxy service: VERR_NOT_FOUND}, preserve=true aResultDetail=0
00:03:00.681853 DCon09   Platform architecture set to 'x86'
00:03:00.682321 DCon09   Saving settings file "/home/est/VirtualBox VMs/test3/test3.vbox" with version "1.19-linux"
00:03:00.688156 DCon09   Finished saving settings file "/home/est/VirtualBox VMs/test3/test3.vbox"
00:03:00.688221 DCon09   Saving settings file "/home/est/.config/VirtualBox/VirtualBox.xml" with version "1.12-linux"
00:03:00.689412 DCon09   Finished saving settings file "/home/est/.config/VirtualBox/VirtualBox.xml"
00:03:00.689810 DCon08   Platform architecture set to 'x86'
00:03:00.690492 DCon08   Saving settings file "/home/est/.config/VirtualBox/VirtualBox.xml" with version "1.12-linux"
00:03:00.691669 DCon08   Finished saving settings file "/home/est/.config/VirtualBox/VirtualBox.xml"
00:03:00.691795 DCon08   Saving settings file "/home/est/VirtualBox VMs/test3/test3.vbox" with version "1.19-linux"
00:03:00.692929 DCon08   Finished saving settings file "/home/est/VirtualBox VMs/test3/test3.vbox"
00:03:00.693692 DCon08   Saving settings file "/home/est/.config/VirtualBox/VirtualBox.xml" with version "1.12-linux"
00:03:00.694834 DCon08   Finished saving settings file "/home/est/.config/VirtualBox/VirtualBox.xml"
00:03:00.694965 DCon06   Saving settings file "/home/est/VirtualBox VMs/test3/test3.vbox" with version "1.19-linux"
00:03:00.696234 DCon06   Finished saving settings file "/home/est/VirtualBox VMs/test3/test3.vbox"
00:03:00.696431 DCon08   Saving settings file "/home/est/VirtualBox VMs/test3/test3.vbox" with version "1.19-linux"
00:03:00.697597 DCon08   Finished saving settings file "/home/est/VirtualBox VMs/test3/test3.vbox"
00:03:00.714886 DCon08   WARNING [COM]: aRC=NS_ERROR_FAILURE (0x80004005) aIID={d5dcece0-b202-4416-a138-03502784cc07} aComponent={HostWrap} aText={Could not load the Host USB Proxy service: VERR_NOT_FOUND}, preserve=true aResultDetail=0
00:03:00.721052 DCon08   ERROR [COM]: aRC=VBOX_E_OBJECT_NOT_FOUND (0x80bb0001) aIID={5bfd8965-b81b-469f-8649-f717ce97a5d5} aComponent={NvramStoreWrap} aText={The UEFI NVRAM file is not existing for this machine}, preserve=false aResultDetail=0
00:03:00.721640 DCon08   Failed to open "/dev/vboxdrvu", errno=2, rc=VERR_VM_DRIVER_NOT_INSTALLED
00:03:00.778350 DCon08   ERROR [COM]: aRC=VBOX_E_INVALID_VM_STATE (0x80bb0002) aIID={e36a5081-a82a-40bd-9e4e-42a44d6ce50f} aComponent={MachineWrap} aText={The machine is not mutable, saved or running (state is PoweredOff)}, preserve=false aResultDetail=0
00:03:00.814351 DCon08   WARNING [COM]: aRC=NS_ERROR_FAILURE (0x80004005) aIID={d5dcece0-b202-4416-a138-03502784cc07} aComponent={HostWrap} aText={Could not load the Host USB Proxy service: VERR_NOT_FOUND}, preserve=true aResultDetail=0
00:03:00.815178 DCon08   WARNING [COM]: aRC=NS_ERROR_FAILURE (0x80004005) aIID={d5dcece0-b202-4416-a138-03502784cc07} aComponent={HostWrap} aText={Could not load the Host USB Proxy service: VERR_NOT_FOUND}, preserve=true aResultDetail=0
00:03:01.064050 DCon08   Saving settings file "/home/est/.config/VirtualBox/VirtualBox.xml" with version "1.12-linux"
00:03:01.065608 DCon08   Finished saving settings file "/home/est/.config/VirtualBox/VirtualBox.xml"
00:03:04.387312 DCon10   WARNING [COM]: aRC=NS_ERROR_FAILURE (0x80004005) aIID={d5dcece0-b202-4416-a138-03502784cc07} aComponent={HostWrap} aText={Could not load the Host USB Proxy service: VERR_NOT_FOUND}, preserve=true aResultDetail=0
00:03:04.751414 DCon10   Platform architecture set to 'x86'
00:03:04.753038 DCon06   ERROR [COM]: aRC=VBOX_E_OBJECT_NOT_FOUND (0x80bb0001) aIID={5bfd8965-b81b-469f-8649-f717ce97a5d5} aComponent={NvramStoreWrap} aText={The UEFI NVRAM file is not existing for this machine}, preserve=false aResultDetail=0
00:03:04.753608 DCon06   Failed to open "/dev/vboxdrvu", errno=2, rc=VERR_VM_DRIVER_NOT_INSTALLED
00:03:04.753674 DCon06   Failed to open "/dev/vboxdrvu", errno=2, rc=VERR_VM_DRIVER_NOT_INSTALLED
00:03:04.753730 DCon06   Failed to open "/dev/vboxdrvu", errno=2, rc=VERR_VM_DRIVER_NOT_INSTALLED
00:03:04.777715 DCon06   WARNING [COM]: aRC=NS_ERROR_FAILURE (0x80004005) aIID={d5dcece0-b202-4416-a138-03502784cc07} aComponent={HostWrap} aText={Could not load the Host USB Proxy service: VERR_NOT_FOUND}, preserve=true aResultDetail=0
00:03:04.777909 DCon08   WARNING [COM]: aRC=NS_ERROR_FAILURE (0x80004005) aIID={d5dcece0-b202-4416-a138-03502784cc07} aComponent={HostWrap} aText={Could not load the Host USB Proxy service: VERR_NOT_FOUND}, preserve=true aResultDetail=0
00:03:04.858676 DCon08   ERROR [COM]: aRC=VBOX_E_OBJECT_NOT_FOUND (0x80bb0001) aIID={5bfd8965-b81b-469f-8649-f717ce97a5d5} aComponent={NvramStoreWrap} aText={The UEFI NVRAM file is not existing for this machine}, preserve=false aResultDetail=0
00:03:04.859308 DCon08   Failed to open "/dev/vboxdrvu", errno=2, rc=VERR_VM_DRIVER_NOT_INSTALLED
00:03:04.860279 DCon08   ERROR [COM]: aRC=VBOX_E_INVALID_VM_STATE (0x80bb0002) aIID={e36a5081-a82a-40bd-9e4e-42a44d6ce50f} aComponent={MachineWrap} aText={The machine is not mutable, saved or running (state is PoweredOff)}, preserve=false aResultDetail=0
00:03:04.864109 DCon08   WARNING [COM]: aRC=NS_ERROR_FAILURE (0x80004005) aIID={d5dcece0-b202-4416-a138-03502784cc07} aComponent={HostWrap} aText={Could not load the Host USB Proxy service: VERR_NOT_FOUND}, preserve=true aResultDetail=0
00:03:04.864500 DCon08   WARNING [COM]: aRC=NS_ERROR_FAILURE (0x80004005) aIID={d5dcece0-b202-4416-a138-03502784cc07} aComponent={HostWrap} aText={Could not load the Host USB Proxy service: VERR_NOT_FOUND}, preserve=true aResultDetail=0
00:03:05.136275 DCon08   Saving settings file "/home/est/.config/VirtualBox/VirtualBox.xml" with version "1.12-linux"
00:03:05.137854 DCon08   Finished saving settings file "/home/est/.config/VirtualBox/VirtualBox.xml"
00:03:09.147212 DCon10   Saving settings file "/home/est/.config/VirtualBox/VirtualBox.xml" with version "1.12-linux"
00:03:09.148807 DCon10   Finished saving settings file "/home/est/.config/VirtualBox/VirtualBox.xml"
00:03:12.451321 DCon06   Saving settings file "/home/est/.config/VirtualBox/VirtualBox.xml" with version "1.12-linux"
00:03:12.452880 DCon06   Finished saving settings file "/home/est/.config/VirtualBox/VirtualBox.xml"
00:04:32.593316 DCon05   Platform architecture set to 'x86'
00:04:32.617767 DCon10   WARNING [COM]: aRC=NS_ERROR_FAILURE (0x80004005) aIID={d5dcece0-b202-4416-a138-03502784cc07} aComponent={HostWrap} aText={Could not load the Host USB Proxy service: VERR_NOT_FOUND}, preserve=true aResultDetail=0
00:04:32.617960 DCon10   Saving settings file "/home/est/VirtualBox VMs/test3/test3.vbox" with version "1.19-linux"
00:04:32.619492 DCon10   Finished saving settings file "/home/est/VirtualBox VMs/test3/test3.vbox"
00:04:32.658300 DCon17   ERROR [COM]: aRC=VBOX_E_OBJECT_NOT_FOUND (0x80bb0001) aIID={5bfd8965-b81b-469f-8649-f717ce97a5d5} aComponent={NvramStoreWrap} aText={The UEFI NVRAM file is not existing for this machine}, preserve=false aResultDetail=0
00:04:32.658853 DCon17   Failed to open "/dev/vboxdrvu", errno=2, rc=VERR_VM_DRIVER_NOT_INSTALLED
00:04:32.660349 DCon17   ERROR [COM]: aRC=VBOX_E_INVALID_VM_STATE (0x80bb0002) aIID={e36a5081-a82a-40bd-9e4e-42a44d6ce50f} aComponent={MachineWrap} aText={The machine is not mutable, saved or running (state is PoweredOff)}, preserve=false aResultDetail=0
00:04:32.665223 DCon17   WARNING [COM]: aRC=NS_ERROR_FAILURE (0x80004005) aIID={d5dcece0-b202-4416-a138-03502784cc07} aComponent={HostWrap} aText={Could not load the Host USB Proxy service: VERR_NOT_FOUND}, preserve=true aResultDetail=0
00:04:32.665689 DCon17   WARNING [COM]: aRC=NS_ERROR_FAILURE (0x80004005) aIID={d5dcece0-b202-4416-a138-03502784cc07} aComponent={HostWrap} aText={Could not load the Host USB Proxy service: VERR_NOT_FOUND}, preserve=true aResultDetail=0
00:04:32.947014 DCon17   Saving settings file "/home/est/.config/VirtualBox/VirtualBox.xml" with version "1.12-linux"
00:04:32.948517 DCon17   Finished saving settings file "/home/est/.config/VirtualBox/VirtualBox.xml"
00:04:33.647016 DCon05   Launched VM: 2631088720 pid: 34779 (0x87db) frontend: GUI/Qt name: test3
00:04:33.666881 DCon17   ERROR [COM]: aRC=VBOX_E_OBJECT_NOT_FOUND (0x80bb0001) aIID={5bfd8965-b81b-469f-8649-f717ce97a5d5} aComponent={NvramStoreWrap} aText={The UEFI NVRAM file is not existing for this machine}, preserve=false aResultDetail=0
00:04:33.667404 DCon17   Failed to open "/dev/vboxdrvu", errno=2, rc=VERR_VM_DRIVER_NOT_INSTALLED
00:04:33.677414 DCon17   ERROR [COM]: aRC=VBOX_E_INVALID_VM_STATE (0x80bb0002) aIID={e36a5081-a82a-40bd-9e4e-42a44d6ce50f} aComponent={MachineWrap} aText={The machine is not mutable, saved or running (state is PoweredOff)}, preserve=false aResultDetail=0
00:04:33.705319 DCon17   WARNING [COM]: aRC=NS_ERROR_FAILURE (0x80004005) aIID={d5dcece0-b202-4416-a138-03502784cc07} aComponent={HostWrap} aText={Could not load the Host USB Proxy service: VERR_NOT_FOUND}, preserve=true aResultDetail=0
00:04:33.705729 DCon17   WARNING [COM]: aRC=NS_ERROR_FAILURE (0x80004005) aIID={d5dcece0-b202-4416-a138-03502784cc07} aComponent={HostWrap} aText={Could not load the Host USB Proxy service: VERR_NOT_FOUND}, preserve=true aResultDetail=0
00:04:34.147198 Watcher  ERROR [COM]: aRC=NS_ERROR_FAILURE (0x80004005) aIID={e36a5081-a82a-40bd-9e4e-42a44d6ce50f} aComponent={MachineWrap} aText={The virtual machine 'test3' has terminated unexpectedly during startup with exit code 1 (0x1)}, preserve=false aResultDetail=0
00:04:34.170832 DCon16   ERROR [COM]: aRC=VBOX_E_OBJECT_NOT_FOUND (0x80bb0001) aIID={5bfd8965-b81b-469f-8649-f717ce97a5d5} aComponent={NvramStoreWrap} aText={The UEFI NVRAM file is not existing for this machine}, preserve=false aResultDetail=0
00:04:34.171420 DCon16   Failed to open "/dev/vboxdrvu", errno=2, rc=VERR_VM_DRIVER_NOT_INSTALLED
00:04:34.182644 DCon16   ERROR [COM]: aRC=VBOX_E_INVALID_VM_STATE (0x80bb0002) aIID={e36a5081-a82a-40bd-9e4e-42a44d6ce50f} aComponent={MachineWrap} aText={The machine is not mutable, saved or running (state is PoweredOff)}, preserve=false aResultDetail=0
00:04:34.209553 DCon10   WARNING [COM]: aRC=NS_ERROR_FAILURE (0x80004005) aIID={d5dcece0-b202-4416-a138-03502784cc07} aComponent={HostWrap} aText={Could not load the Host USB Proxy service: VERR_NOT_FOUND}, preserve=true aResultDetail=0
00:04:34.210085 DCon10   WARNING [COM]: aRC=NS_ERROR_FAILURE (0x80004005) aIID={d5dcece0-b202-4416-a138-03502784cc07} aComponent={HostWrap} aText={Could not load the Host USB Proxy service: VERR_NOT_FOUND}, preserve=true aResultDetail=0
00:04:45.612442 DCon05   WARNING [COM]: aRC=NS_ERROR_FAILURE (0x80004005) aIID={d5dcece0-b202-4416-a138-03502784cc07} aComponent={HostWrap} aText={Could not load the Host USB Proxy service: VERR_NOT_FOUND}, preserve=true aResultDetail=0
00:04:45.966534 DCon17   Platform architecture set to 'x86'
00:04:45.967948 DCon10   ERROR [COM]: aRC=VBOX_E_OBJECT_NOT_FOUND (0x80bb0001) aIID={5bfd8965-b81b-469f-8649-f717ce97a5d5} aComponent={NvramStoreWrap} aText={The UEFI NVRAM file is not existing for this machine}, preserve=false aResultDetail=0
00:04:45.968448 DCon10   Failed to open "/dev/vboxdrvu", errno=2, rc=VERR_VM_DRIVER_NOT_INSTALLED
00:04:45.968499 DCon10   Failed to open "/dev/vboxdrvu", errno=2, rc=VERR_VM_DRIVER_NOT_INSTALLED
00:04:45.968543 DCon10   Failed to open "/dev/vboxdrvu", errno=2, rc=VERR_VM_DRIVER_NOT_INSTALLED
00:04:45.990884 DCon10   WARNING [COM]: aRC=NS_ERROR_FAILURE (0x80004005) aIID={d5dcece0-b202-4416-a138-03502784cc07} aComponent={HostWrap} aText={Could not load the Host USB Proxy service: VERR_NOT_FOUND}, preserve=true aResultDetail=0
00:04:45.991056 DCon17   WARNING [COM]: aRC=NS_ERROR_FAILURE (0x80004005) aIID={d5dcece0-b202-4416-a138-03502784cc07} aComponent={HostWrap} aText={Could not load the Host USB Proxy service: VERR_NOT_FOUND}, preserve=true aResultDetail=0
00:04:46.077782 DCon10   ERROR [COM]: aRC=VBOX_E_OBJECT_NOT_FOUND (0x80bb0001) aIID={5bfd8965-b81b-469f-8649-f717ce97a5d5} aComponent={NvramStoreWrap} aText={The UEFI NVRAM file is not existing for this machine}, preserve=false aResultDetail=0
00:04:46.078339 DCon10   Failed to open "/dev/vboxdrvu", errno=2, rc=VERR_VM_DRIVER_NOT_INSTALLED
00:04:46.079441 DCon10   ERROR [COM]: aRC=VBOX_E_INVALID_VM_STATE (0x80bb0002) aIID={e36a5081-a82a-40bd-9e4e-42a44d6ce50f} aComponent={MachineWrap} aText={The machine is not mutable, saved or running (state is PoweredOff)}, preserve=false aResultDetail=0
00:04:46.083175 DCon10   WARNING [COM]: aRC=NS_ERROR_FAILURE (0x80004005) aIID={d5dcece0-b202-4416-a138-03502784cc07} aComponent={HostWrap} aText={Could not load the Host USB Proxy service: VERR_NOT_FOUND}, preserve=true aResultDetail=0
00:04:46.083553 DCon10   WARNING [COM]: aRC=NS_ERROR_FAILURE (0x80004005) aIID={d5dcece0-b202-4416-a138-03502784cc07} aComponent={HostWrap} aText={Could not load the Host USB Proxy service: VERR_NOT_FOUND}, preserve=true aResultDetail=0
00:04:46.347980 DCon10   Saving settings file "/home/est/.config/VirtualBox/VirtualBox.xml" with version "1.12-linux"
00:04:46.349525 DCon10   Finished saving settings file "/home/est/.config/VirtualBox/VirtualBox.xml"
00:04:47.242088 DCon17   Saving settings file "/home/est/.config/VirtualBox/VirtualBox.xml" with version "1.12-linux"
00:04:47.243613 DCon17   Finished saving settings file "/home/est/.config/VirtualBox/VirtualBox.xml"
00:04:52.749835 main     VirtualBox: object deletion starts
00:04:52.749891 main     ERROR [COM]: aRC=VBOX_E_OBJECT_IN_USE (0x80bb000c) aIID={7d510820-a678-4730-a862-818dcd3fbed0} aComponent={MediumWrap} aText={Medium '/home/est/VirtualBox VMs/test3/test3.vdi' cannot be closed because it is still attached to 1 virtual machines}, preserve=false aResultDetail=0
00:04:52.750274 main     HostDnsMonitor: shutting down ...
00:04:52.750464 main     HostDnsMonitor: shut down
00:04:52.760827 Watcher  ERROR [COM]: aRC=E_ACCESSDENIED (0x80070005) aIID={2ce10519-3c09-45d8-a12d-e887786146b7} aComponent={VirtualBoxWrap} aText={The object is not ready}, preserve=false aResultDetail=0
00:04:52.760868 main     VirtualBox: object deleted
